# JRE version: OpenJDK Runtime Environment (11.0+28) (build 11+28)
# Java VM: OpenJDK 64-Bit Server VM (11+28, mixed mode, tiered, compressed oops, g1 gc, windows-amd64)
Heap:
 garbage-first heap   total 220160K, used 118685K [0x0000000084c00000, 0x0000000100000000)
  region size 1024K, 92 young (94208K), 10 survivors (10240K)
 Metaspace       used 72943K, capacity 74673K, committed 74800K, reserved 1114112K
  class space    used 9478K, capacity 10179K, committed 10240K, reserved 1048576K
GC Heap History (10 events):
Event: 6.738 GC heap before
{Heap before GC invocations=12 (full 0):
 garbage-first heap   total 152576K, used 101048K [0x0000000084c00000, 0x0000000100000000)
  region size 1024K, 89 young (91136K), 9 survivors (9216K)
 Metaspace       used 48657K, capacity 49918K, committed 50128K, reserved 1093632K
  class space    used 5996K, capacity 6494K, committed 6528K, reserved 1048576K
}
Event: 6.747 GC heap after
{Heap after GC invocations=13 (full 0):
 garbage-first heap   total 183296K, used 21778K [0x0000000084c00000, 0x0000000100000000)
  region size 1024K, 9 young (9216K), 9 survivors (9216K)
 Metaspace       used 48657K, capacity 49918K, committed 50128K, reserved 1093632K
  class space    used 5996K, capacity 6494K, committed 6528K, reserved 1048576K
}
Event: 7.774 GC heap before
{Heap before GC invocations=13 (full 0):
 garbage-first heap   total 183296K, used 122130K [0x0000000084c00000, 0x0000000100000000)
  region size 1024K, 107 young (109568K), 9 survivors (9216K)
 Metaspace       used 54363K, capacity 55634K, committed 55888K, reserved 1097728K
  class space    used 6817K, capacity 7334K, committed 7424K, reserved 1048576K
}
Event: 7.782 GC heap after
{Heap after GC invocations=14 (full 0):
 garbage-first heap   total 183296K, used 25589K [0x0000000084c00000, 0x0000000100000000)
  region size 1024K, 11 young (11264K), 11 survivors (11264K)
 Metaspace       used 54363K, capacity 55634K, committed 55888K, reserved 1097728K
  class space    used 6817K, capacity 7334K, committed 7424K, reserved 1048576K
}
Event: 8.407 GC heap before
{Heap before GC invocations=14 (full 0):
 garbage-first heap   total 183296K, used 91125K [0x0000000084c00000, 0x0000000100000000)
  region size 1024K, 76 young (77824K), 11 survivors (11264K)
 Metaspace       used 58530K, capacity 59947K, committed 60080K, reserved 1101824K
  class space    used 7417K, capacity 7984K, committed 8064K, reserved 1048576K
}
Event: 8.425 GC heap after
{Heap after GC invocations=15 (full 0):
 garbage-first heap   total 183296K, used 28404K [0x0000000084c00000, 0x0000000100000000)
  region size 1024K, 10 young (10240K), 10 survivors (10240K)
 Metaspace       used 58530K, capacity 59947K, committed 60080K, reserved 1101824K
  class space    used 7417K, capacity 7984K, committed 8064K, reserved 1048576K
}
Event: 9.115 GC heap before
{Heap before GC invocations=16 (full 0):
 garbage-first heap   total 183296K, used 127732K [0x0000000084c00000, 0x0000000100000000)
  region size 1024K, 107 young (109568K), 10 survivors (10240K)
 Metaspace       used 63717K, capacity 65233K, committed 65584K, reserved 1105920K
  class space    used 8232K, capacity 8844K, committed 8960K, reserved 1048576K
}
Event: 9.126 GC heap after
{Heap after GC invocations=17 (full 0):
 garbage-first heap   total 183296K, used 31859K [0x0000000084c00000, 0x0000000100000000)
  region size 1024K, 10 young (10240K), 10 survivors (10240K)
 Metaspace       used 63717K, capacity 65233K, committed 65584K, reserved 1105920K
  class space    used 8232K, capacity 8844K, committed 8960K, reserved 1048576K
}
Event: 10.175 GC heap before
{Heap before GC invocations=17 (full 0):
 garbage-first heap   total 183296K, used 131187K [0x0000000084c00000, 0x0000000100000000)
  region size 1024K, 107 young (109568K), 10 survivors (10240K)
 Metaspace       used 68137K, capacity 69696K, committed 69936K, reserved 1110016K
  class space    used 8840K, capacity 9462K, committed 9472K, reserved 1048576K
}
Event: 10.186 GC heap after
{Heap after GC invocations=18 (full 0):
 garbage-first heap   total 220160K, used 35741K [0x0000000084c00000, 0x0000000100000000)
  region size 1024K, 10 young (10240K), 10 survivors (10240K)
 Metaspace       used 68137K, capacity 69696K, committed 69936K, reserved 1110016K
  class space    used 8840K, capacity 9462K, committed 9472K, reserved 1048576K
}

